[2019-03-28 16:58:09] INFO [load_data_and_build_graph: getSolution.py, 61] car count: 128
[2019-03-28 16:58:09] INFO [load_data_and_build_graph: getSolution.py, 90] road count: 60
[2019-03-28 16:58:09] INFO [load_data_and_build_graph: getSolution.py, 91] vertex count: 36
[2019-03-28 16:58:09] INFO [load_data_and_build_graph: getSolution.py, 92] load data complete
[2019-03-28 16:58:09] INFO [load_data_and_build_graph: getSolution.py, 96] Floyd init complete
[2019-03-28 16:58:09] INFO [compute_result: getSolution.py, 103] schedule car batch size: 30
[2019-03-28 16:58:09] INFO [compute_result: getSolution.py, 118] time slice: 1
[2019-03-28 16:58:09] INFO [compute_result: getSolution.py, 127] got scheduling car set length: 30
[2019-03-28 16:58:09] INFO [compute_result: getSolution.py, 133] schedule car: 10032. Search node 8 to node 34
[2019-03-28 16:58:09] INFO [compute_result: getSolution.py, 139] car: 10032 shortest path: deque(['8', '9', '15', '21', '27', '33', '34'])
[2019-03-28 16:58:09] INFO [compute_result: getSolution.py, 133] schedule car: 10011. Search node 15 to node 33
[2019-03-28 16:58:09] INFO [compute_result: getSolution.py, 139] car: 10011 shortest path: deque(['15', '21', '27', '26', '32', '33'])
[2019-03-28 16:58:09] INFO [compute_result: getSolution.py, 133] schedule car: 10055. Search node 2 to node 22
[2019-03-28 16:58:09] INFO [compute_result: getSolution.py, 139] car: 10055 shortest path: deque(['2', '8', '14', '20', '21', '22'])
[2019-03-28 16:58:09] INFO [compute_result: getSolution.py, 133] schedule car: 10022. Search node 4 to node 30
[2019-03-28 16:58:09] INFO [compute_result: getSolution.py, 139] car: 10022 shortest path: deque(['4', '10', '16', '22', '28', '29', '30'])
[2019-03-28 16:58:09] INFO [compute_result: getSolution.py, 133] schedule car: 10056. Search node 16 to node 35
[2019-03-28 16:58:09] INFO [compute_result: getSolution.py, 139] car: 10056 shortest path: deque(['16', '22', '28', '29', '35'])
[2019-03-28 16:58:09] INFO [compute_result: getSolution.py, 133] schedule car: 10013. Search node 35 to node 12
[2019-03-28 16:58:09] INFO [compute_result: getSolution.py, 139] car: 10013 shortest path: deque(['35', '29', '30', '24', '18', '12'])
[2019-03-28 16:58:09] INFO [compute_result: getSolution.py, 133] schedule car: 10046. Search node 22 to node 1
[2019-03-28 16:58:09] INFO [compute_result: getSolution.py, 139] car: 10046 shortest path: deque(['22', '21', '20', '14', '13', '7', '1'])
[2019-03-28 16:58:09] INFO [compute_result: getSolution.py, 133] schedule car: 10068. Search node 6 to node 33
[2019-03-28 16:58:09] INFO [compute_result: getSolution.py, 139] car: 10068 shortest path: deque(['6', '12', '11', '17', '16', '22', '28', '27', '33'])
[2019-03-28 16:58:09] INFO [compute_result: getSolution.py, 133] schedule car: 10014. Search node 16 to node 36
[2019-03-28 16:58:09] INFO [compute_result: getSolution.py, 139] car: 10014 shortest path: deque(['16', '22', '23', '29', '35', '36'])
[2019-03-28 16:58:09] INFO [compute_result: getSolution.py, 133] schedule car: 10058. Search node 24 to node 4
[2019-03-28 16:58:09] INFO [compute_result: getSolution.py, 139] car: 10058 shortest path: deque(['24', '18', '12', '11', '10', '4'])
[2019-03-28 16:58:09] INFO [compute_result: getSolution.py, 133] schedule car: 10015. Search node 1 to node 28
[2019-03-28 16:58:09] INFO [compute_result: getSolution.py, 139] car: 10015 shortest path: deque(['1', '2', '3', '9', '15', '21', '22', '28'])
[2019-03-28 16:58:09] INFO [compute_result: getSolution.py, 133] schedule car: 10004. Search node 22 to node 2
[2019-03-28 16:58:09] INFO [compute_result: getSolution.py, 139] car: 10004 shortest path: deque(['22', '16', '15', '9', '3', '2'])
[2019-03-28 16:58:09] INFO [compute_result: getSolution.py, 133] schedule car: 10059. Search node 4 to node 29
[2019-03-28 16:58:09] INFO [compute_result: getSolution.py, 139] car: 10059 shortest path: deque(['4', '10', '11', '17', '23', '29'])
[2019-03-28 16:58:09] INFO [compute_result: getSolution.py, 133] schedule car: 10026. Search node 26 to node 7
[2019-03-28 16:58:09] INFO [compute_result: getSolution.py, 139] car: 10026 shortest path: deque(['26', '20', '14', '13', '7'])
[2019-03-28 16:58:09] INFO [compute_result: getSolution.py, 133] schedule car: 10016. Search node 22 to node 1
[2019-03-28 16:58:09] INFO [compute_result: getSolution.py, 139] car: 10016 shortest path: deque(['22', '21', '20', '14', '13', '7', '1'])
[2019-03-28 16:58:09] INFO [compute_result: getSolution.py, 133] schedule car: 10005. Search node 20 to node 2
[2019-03-28 16:58:09] INFO [compute_result: getSolution.py, 139] car: 10005 shortest path: deque(['20', '14', '8', '2'])
[2019-03-28 16:58:09] INFO [compute_result: getSolution.py, 133] schedule car: 10049. Search node 4 to node 23
[2019-03-28 16:58:09] INFO [compute_result: getSolution.py, 139] car: 10049 shortest path: deque(['4', '10', '16', '22', '23'])
[2019-03-28 16:58:09] INFO [compute_result: getSolution.py, 133] schedule car: 10070. Search node 16 to node 36
[2019-03-28 16:58:09] INFO [compute_result: getSolution.py, 139] car: 10070 shortest path: deque(['16', '17', '23', '29', '35', '36'])
[2019-03-28 16:58:09] INFO [compute_result: getSolution.py, 133] schedule car: 10027. Search node 18 to node 36
[2019-03-28 16:58:09] INFO [compute_result: getSolution.py, 139] car: 10027 shortest path: deque(['18', '24', '30', '36'])
[2019-03-28 16:58:09] INFO [compute_result: getSolution.py, 133] schedule car: 10039. Search node 11 to node 36
[2019-03-28 16:58:09] INFO [compute_result: getSolution.py, 139] car: 10039 shortest path: deque(['11', '17', '23', '29', '35', '36'])
[2019-03-28 16:58:09] INFO [compute_result: getSolution.py, 133] schedule car: 10071. Search node 35 to node 16
[2019-03-28 16:58:09] INFO [compute_result: getSolution.py, 139] car: 10071 shortest path: deque(['35', '34', '28', '22', '16'])
[2019-03-28 16:58:09] INFO [compute_result: getSolution.py, 133] schedule car: 10007. Search node 23 to node 2
[2019-03-28 16:58:09] INFO [compute_result: getSolution.py, 139] car: 10007 shortest path: deque(['23', '22', '16', '15', '9', '3', '2'])
[2019-03-28 16:58:09] INFO [compute_result: getSolution.py, 133] schedule car: 10040. Search node 31 to node 6
[2019-03-28 16:58:09] INFO [compute_result: getSolution.py, 139] car: 10040 shortest path: deque(['31', '32', '33', '34', '35', '36', '30', '24', '18', '12', '6'])
[2019-03-28 16:58:09] INFO [compute_result: getSolution.py, 133] schedule car: 10051. Search node 9 to node 30
[2019-03-28 16:58:09] INFO [compute_result: getSolution.py, 139] car: 10051 shortest path: deque(['9', '10', '11', '12', '18', '24', '30'])
[2019-03-28 16:58:09] INFO [compute_result: getSolution.py, 133] schedule car: 10019. Search node 15 to node 35
[2019-03-28 16:58:09] INFO [compute_result: getSolution.py, 139] car: 10019 shortest path: deque(['15', '21', '27', '33', '34', '35'])
[2019-03-28 16:58:09] INFO [compute_result: getSolution.py, 133] schedule car: 10063. Search node 13 to node 33
[2019-03-28 16:58:09] INFO [compute_result: getSolution.py, 139] car: 10063 shortest path: deque(['13', '14', '15', '21', '27', '33'])
[2019-03-28 16:58:09] INFO [compute_result: getSolution.py, 133] schedule car: 10053. Search node 9 to node 30
[2019-03-28 16:58:09] INFO [compute_result: getSolution.py, 139] car: 10053 shortest path: deque(['9', '15', '16', '17', '18', '24', '30'])
[2019-03-28 16:58:09] INFO [compute_result: getSolution.py, 133] schedule car: 10010. Search node 33 to node 2
[2019-03-28 16:58:09] INFO [compute_result: getSolution.py, 139] car: 10010 shortest path: deque(['33', '27', '21', '15', '9', '3', '2'])
[2019-03-28 16:58:09] INFO [compute_result: getSolution.py, 133] schedule car: 10064. Search node 23 to node 1
[2019-03-28 16:58:09] INFO [compute_result: getSolution.py, 139] car: 10064 shortest path: deque(['23', '22', '21', '20', '14', '13', '7', '1'])
[2019-03-28 16:58:09] INFO [compute_result: getSolution.py, 133] schedule car: 10043. Search node 27 to node 9
[2019-03-28 16:58:09] INFO [compute_result: getSolution.py, 139] car: 10043 shortest path: deque(['27', '21', '15', '9'])
[2019-03-28 16:58:09] INFO [compute_result: getSolution.py, 118] time slice: 2
[2019-03-28 16:58:09] INFO [compute_result: getSolution.py, 127] got scheduling car set length: 30
[2019-03-28 16:58:09] INFO [compute_result: getSolution.py, 133] schedule car: 10075. Search node 17 to node 36
[2019-03-28 16:58:09] INFO [compute_result: getSolution.py, 139] car: 10075 shortest path: deque(['17', '23', '29', '35', '36'])
[2019-03-28 16:58:09] INFO [compute_result: getSolution.py, 133] schedule car: 10097. Search node 14 to node 35
[2019-03-28 16:58:09] INFO [compute_result: getSolution.py, 139] car: 10097 shortest path: deque(['14', '15', '16', '17', '18', '24', '30', '36', '35'])
[2019-03-28 16:58:09] INFO [compute_result: getSolution.py, 133] schedule car: 10021. Search node 12 to node 35
[2019-03-28 16:58:09] INFO [compute_result: getSolution.py, 139] car: 10021 shortest path: deque(['12', '18', '24', '30', '36', '35'])
[2019-03-28 16:58:09] INFO [compute_result: getSolution.py, 133] schedule car: 10044. Search node 23 to node 2
[2019-03-28 16:58:09] INFO [compute_result: getSolution.py, 139] car: 10044 shortest path: deque(['23', '22', '16', '15', '9', '3', '2'])
[2019-03-28 16:58:09] INFO [compute_result: getSolution.py, 133] schedule car: 10033. Search node 33 to node 6
[2019-03-28 16:58:09] INFO [compute_result: getSolution.py, 139] car: 10033 shortest path: deque(['33', '34', '35', '36', '30', '24', '18', '12', '6'])
[2019-03-28 16:58:09] INFO [compute_result: getSolution.py, 133] schedule car: 10109. Search node 14 to node 32
[2019-03-28 16:58:09] INFO [compute_result: getSolution.py, 139] car: 10109 shortest path: deque(['14', '13', '19', '20', '26', '32'])
[2019-03-28 16:58:09] INFO [compute_result: getSolution.py, 133] schedule car: 10120. Search node 20 to node 2
[2019-03-28 16:58:09] INFO [compute_result: getSolution.py, 139] car: 10120 shortest path: deque(['20', '14', '8', '2'])
[2019-03-28 16:58:09] INFO [compute_result: getSolution.py, 133] schedule car: 10034. Search node 2 to node 23
[2019-03-28 16:58:09] INFO [compute_result: getSolution.py, 139] car: 10034 shortest path: deque(['2', '3', '4', '5', '11', '17', '23'])
[2019-03-28 16:58:09] INFO [compute_result: getSolution.py, 133] schedule car: 10078. Search node 3 to node 32
[2019-03-28 16:58:09] INFO [compute_result: getSolution.py, 139] car: 10078 shortest path: deque(['3', '9', '8', '14', '13', '19', '20', '26', '32'])
[2019-03-28 16:58:09] INFO [compute_result: getSolution.py, 133] schedule car: 10121. Search node 33 to node 7
[2019-03-28 16:58:09] INFO [compute_result: getSolution.py, 139] car: 10121 shortest path: deque(['33', '27', '21', '20', '14', '13', '7'])
[2019-03-28 16:58:09] INFO [compute_result: getSolution.py, 133] schedule car: 10002. Search node 7 to node 31
[2019-03-28 16:58:09] INFO [compute_result: getSolution.py, 139] car: 10002 shortest path: deque(['7', '13', '19', '25', '31'])
[2019-03-28 16:58:09] INFO [compute_result: getSolution.py, 133] schedule car: 10089. Search node 22 to node 3
[2019-03-28 16:58:09] INFO [compute_result: getSolution.py, 139] car: 10089 shortest path: deque(['22', '16', '10', '4', '3'])
[2019-03-28 16:58:09] INFO [compute_result: getSolution.py, 133] schedule car: 10003. Search node 34 to node 7
[2019-03-28 16:58:09] INFO [compute_result: getSolution.py, 139] car: 10003 shortest path: deque(['34', '33', '27', '21', '20', '14', '13', '7'])
[2019-03-28 16:58:09] INFO [compute_result: getSolution.py, 133] schedule car: 10079. Search node 15 to node 34
[2019-03-28 16:58:09] INFO [compute_result: getSolution.py, 139] car: 10079 shortest path: deque(['15', '21', '27', '33', '34'])
[2019-03-28 16:58:09] INFO [compute_result: getSolution.py, 133] schedule car: 10025. Search node 35 to node 16
[2019-03-28 16:58:09] INFO [compute_result: getSolution.py, 139] car: 10025 shortest path: deque(['35', '34', '28', '22', '16'])
[2019-03-28 16:58:09] INFO [compute_result: getSolution.py, 133] schedule car: 10037. Search node 19 to node 1
[2019-03-28 16:58:09] INFO [compute_result: getSolution.py, 139] car: 10037 shortest path: deque(['19', '13', '7', '1'])
[2019-03-28 16:58:09] INFO [compute_result: getSolution.py, 133] schedule car: 10123. Search node 35 to node 11
[2019-03-28 16:58:09] INFO [compute_result: getSolution.py, 139] car: 10123 shortest path: deque(['35', '29', '23', '17', '11'])
[2019-03-28 16:58:09] INFO [compute_result: getSolution.py, 133] schedule car: 10102. Search node 20 to node 2
[2019-03-28 16:58:09] INFO [compute_result: getSolution.py, 139] car: 10102 shortest path: deque(['20', '14', '8', '2'])
[2019-03-28 16:58:09] INFO [compute_result: getSolution.py, 133] schedule car: 10038. Search node 35 to node 6
[2019-03-28 16:58:09] INFO [compute_result: getSolution.py, 139] car: 10038 shortest path: deque(['35', '34', '28', '22', '16', '10', '4', '5', '6'])
[2019-03-28 16:58:09] INFO [compute_result: getSolution.py, 133] schedule car: 10092. Search node 27 to node 7
[2019-03-28 16:58:09] INFO [compute_result: getSolution.py, 139] car: 10092 shortest path: deque(['27', '26', '20', '14', '13', '7'])
[2019-03-28 16:58:09] INFO [compute_result: getSolution.py, 133] schedule car: 10113. Search node 25 to node 5
[2019-03-28 16:58:09] INFO [compute_result: getSolution.py, 139] car: 10113 shortest path: deque(['25', '26', '27', '28', '29', '23', '17', '11', '5'])
[2019-03-28 16:58:09] INFO [compute_result: getSolution.py, 133] schedule car: 10018. Search node 13 to node 31
[2019-03-28 16:58:09] INFO [compute_result: getSolution.py, 139] car: 10018 shortest path: deque(['13', '19', '25', '31'])
[2019-03-28 16:58:09] INFO [compute_result: getSolution.py, 133] schedule car: 10094. Search node 22 to node 4
[2019-03-28 16:58:09] INFO [compute_result: getSolution.py, 139] car: 10094 shortest path: deque(['22', '16', '10', '4'])
[2019-03-28 16:58:09] INFO [compute_result: getSolution.py, 133] schedule car: 10126. Search node 5 to node 35
[2019-03-28 16:58:09] INFO [compute_result: getSolution.py, 139] car: 10126 shortest path: deque(['5', '6', '12', '18', '24', '30', '36', '35'])
[2019-03-28 16:58:09] INFO [compute_result: getSolution.py, 133] schedule car: 10115. Search node 2 to node 26
[2019-03-28 16:58:09] INFO [compute_result: getSolution.py, 139] car: 10115 shortest path: deque(['2', '1', '7', '13', '19', '25', '31', '32', '26'])
[2019-03-28 16:58:09] INFO [compute_result: getSolution.py, 133] schedule car: 10029. Search node 18 to node 36
[2019-03-28 16:58:09] INFO [compute_result: getSolution.py, 139] car: 10029 shortest path: deque(['18', '24', '30', '36'])
[2019-03-28 16:58:09] INFO [compute_result: getSolution.py, 133] schedule car: 10041. Search node 16 to node 34
[2019-03-28 16:58:09] INFO [compute_result: getSolution.py, 139] car: 10041 shortest path: deque(['16', '22', '28', '34'])
[2019-03-28 16:58:09] INFO [compute_result: getSolution.py, 133] schedule car: 10030. Search node 26 to node 2
[2019-03-28 16:58:09] INFO [compute_result: getSolution.py, 139] car: 10030 shortest path: deque(['26', '27', '21', '15', '9', '3', '2'])
[2019-03-28 16:58:09] INFO [compute_result: getSolution.py, 133] schedule car: 10106. Search node 26 to node 7
[2019-03-28 16:58:09] INFO [compute_result: getSolution.py, 139] car: 10106 shortest path: deque(['26', '20', '14', '13', '7'])
[2019-03-28 16:58:09] INFO [compute_result: getSolution.py, 133] schedule car: 10042. Search node 31 to node 9
[2019-03-28 16:58:09] INFO [compute_result: getSolution.py, 139] car: 10042 shortest path: deque(['31', '32', '26', '27', '21', '15', '9'])
[2019-03-28 16:58:09] INFO [compute_result: getSolution.py, 118] time slice: 3
[2019-03-28 16:58:09] INFO [compute_result: getSolution.py, 127] got scheduling car set length: 30
[2019-03-28 16:58:09] INFO [compute_result: getSolution.py, 133] schedule car: 10118. Search node 7 to node 26
[2019-03-28 16:58:09] INFO [compute_result: getSolution.py, 139] car: 10118 shortest path: deque(['7', '13', '19', '25', '31', '32', '26'])
[2019-03-28 16:58:09] INFO [compute_result: getSolution.py, 133] schedule car: 10086. Search node 25 to node 3
[2019-03-28 16:58:09] INFO [compute_result: getSolution.py, 139] car: 10086 shortest path: deque(['25', '26', '27', '21', '15', '9', '3'])
[2019-03-28 16:58:09] INFO [compute_result: getSolution.py, 133] schedule car: 10065. Search node 3 to node 31
[2019-03-28 16:58:09] INFO [compute_result: getSolution.py, 139] car: 10065 shortest path: deque(['3', '9', '8', '7', '13', '19', '25', '31'])
[2019-03-28 16:58:09] INFO [compute_result: getSolution.py, 133] schedule car: 10000. Search node 15 to node 35
[2019-03-28 16:58:09] INFO [compute_result: getSolution.py, 139] car: 10000 shortest path: deque(['15', '21', '27', '28', '29', '30', '36', '35'])
[2019-03-28 16:58:09] INFO [compute_result: getSolution.py, 133] schedule car: 10076. Search node 33 to node 2
[2019-03-28 16:58:09] INFO [compute_result: getSolution.py, 139] car: 10076 shortest path: deque(['33', '27', '21', '15', '9', '3', '2'])
[2019-03-28 16:58:09] INFO [compute_result: getSolution.py, 133] schedule car: 10066. Search node 35 to node 7
[2019-03-28 16:58:09] INFO [compute_result: getSolution.py, 139] car: 10066 shortest path: deque(['35', '29', '23', '22', '21', '20', '14', '13', '7'])
[2019-03-28 16:58:09] INFO [compute_result: getSolution.py, 133] schedule car: 10045. Search node 2 to node 29
[2019-03-28 16:58:09] INFO [compute_result: getSolution.py, 139] car: 10045 shortest path: deque(['2', '3', '4', '5', '11', '17', '23', '24', '30', '36', '35', '29'])
[2019-03-28 16:58:09] INFO [compute_result: getSolution.py, 133] schedule car: 10001. Search node 16 to node 34
[2019-03-28 16:58:09] INFO [compute_result: getSolution.py, 139] car: 10001 shortest path: deque(['16', '22', '28', '34'])
[2019-03-28 16:58:09] INFO [compute_result: getSolution.py, 133] schedule car: 10088. Search node 18 to node 36
[2019-03-28 16:58:09] INFO [compute_result: getSolution.py, 139] car: 10088 shortest path: deque(['18', '24', '30', '36'])
[2019-03-28 16:58:09] INFO [compute_result: getSolution.py, 133] schedule car: 10047. Search node 16 to node 34
[2019-03-28 16:58:09] INFO [compute_result: getSolution.py, 139] car: 10047 shortest path: deque(['16', '22', '28', '34'])
[2019-03-28 16:58:09] INFO [compute_result: getSolution.py, 133] schedule car: 10090. Search node 4 to node 23
[2019-03-28 16:58:09] INFO [compute_result: getSolution.py, 139] car: 10090 shortest path: deque(['4', '5', '11', '12', '18', '24', '23'])
[2019-03-28 16:58:09] INFO [compute_result: getSolution.py, 133] schedule car: 10048. Search node 1 to node 31
[2019-03-28 16:58:09] INFO [compute_result: getSolution.py, 139] car: 10048 shortest path: deque(['1', '7', '13', '19', '25', '31'])
[2019-03-28 16:58:09] INFO [compute_result: getSolution.py, 133] schedule car: 10080. Search node 24 to node 2
[2019-03-28 16:58:09] INFO [compute_result: getSolution.py, 139] car: 10080 shortest path: deque(['24', '23', '22', '16', '15', '9', '3', '2'])
[2019-03-28 16:58:09] INFO [compute_result: getSolution.py, 133] schedule car: 10112. Search node 17 to node 36
[2019-03-28 16:58:09] INFO [compute_result: getSolution.py, 139] car: 10112 shortest path: deque(['17', '23', '24', '30', '36'])
[2019-03-28 16:58:09] INFO [compute_result: getSolution.py, 133] schedule car: 10081. Search node 9 to node 28
[2019-03-28 16:58:09] INFO [compute_result: getSolution.py, 139] car: 10081 shortest path: deque(['9', '3', '4', '5', '6', '12', '18', '24', '30', '29', '28'])
[2019-03-28 16:58:09] INFO [compute_result: getSolution.py, 133] schedule car: 10060. Search node 14 to node 36
[2019-03-28 16:58:09] INFO [compute_result: getSolution.py, 139] car: 10060 shortest path: deque(['14', '8', '2', '3', '4', '5', '6', '12', '18', '24', '30', '36'])
[2019-03-28 16:58:09] INFO [compute_result: getSolution.py, 133] schedule car: 10103. Search node 1 to node 36
[2019-03-28 16:58:09] INFO [compute_result: getSolution.py, 139] car: 10103 shortest path: deque(['1', '7', '8', '9', '10', '4', '5', '6', '12', '18', '24', '30', '36'])
[2019-03-28 16:58:09] INFO [compute_result: getSolution.py, 133] schedule car: 10006. Search node 21 to node 2
[2019-03-28 16:58:09] INFO [compute_result: getSolution.py, 139] car: 10006 shortest path: deque(['21', '15', '9', '3', '2'])
[2019-03-28 16:58:09] INFO [compute_result: getSolution.py, 133] schedule car: 10093. Search node 19 to node 1
[2019-03-28 16:58:09] INFO [compute_result: getSolution.py, 139] car: 10093 shortest path: deque(['19', '13', '7', '1'])
[2019-03-28 16:58:09] INFO [compute_result: getSolution.py, 133] schedule car: 10125. Search node 10 to node 35
[2019-03-28 16:58:09] INFO [compute_result: getSolution.py, 139] car: 10125 shortest path: deque(['10', '4', '5', '6', '12', '18', '24', '30', '29', '35'])
[2019-03-28 16:58:09] INFO [compute_result: getSolution.py, 133] schedule car: 10061. Search node 12 to node 34
[2019-03-28 16:58:09] INFO [compute_result: getSolution.py, 139] car: 10061 shortest path: deque(['12', '18', '24', '30', '36', '35', '34'])
[2019-03-28 16:58:09] INFO [compute_result: getSolution.py, 133] schedule car: 10104. Search node 9 to node 33
[2019-03-28 16:58:09] INFO [compute_result: getSolution.py, 139] car: 10104 shortest path: deque(['9', '15', '21', '27', '26', '25', '31', '32', '33'])
[2019-03-28 16:58:09] INFO [compute_result: getSolution.py, 133] schedule car: 10083. Search node 36 to node 6
[2019-03-28 16:58:09] INFO [compute_result: getSolution.py, 139] car: 10083 shortest path: deque(['36', '30', '24', '18', '12', '6'])
[2019-03-28 16:58:09] INFO [compute_result: getSolution.py, 133] schedule car: 10008. Search node 31 to node 1
[2019-03-28 16:58:09] INFO [compute_result: getSolution.py, 139] car: 10008 shortest path: deque(['31', '25', '19', '13', '7', '1'])
[2019-03-28 16:58:09] INFO [compute_result: getSolution.py, 133] schedule car: 10073. Search node 23 to node 2
[2019-03-28 16:58:09] INFO [compute_result: getSolution.py, 139] car: 10073 shortest path: deque(['23', '22', '16', '15', '9', '3', '2'])
[2019-03-28 16:58:09] INFO [compute_result: getSolution.py, 133] schedule car: 10095. Search node 24 to node 6
[2019-03-28 16:58:09] INFO [compute_result: getSolution.py, 139] car: 10095 shortest path: deque(['24', '18', '12', '6'])
[2019-03-28 16:58:09] INFO [compute_result: getSolution.py, 133] schedule car: 10009. Search node 30 to node 8
[2019-03-28 16:58:09] INFO [compute_result: getSolution.py, 139] car: 10009 shortest path: deque(['30', '24', '23', '22', '21', '20', '14', '8'])
[2019-03-28 16:58:09] INFO [compute_result: getSolution.py, 133] schedule car: 10074. Search node 33 to node 14
[2019-03-28 16:58:09] INFO [compute_result: getSolution.py, 139] car: 10074 shortest path: deque(['33', '27', '21', '20', '14'])
[2019-03-28 16:58:09] INFO [compute_result: getSolution.py, 133] schedule car: 10096. Search node 34 to node 14
[2019-03-28 16:58:09] INFO [compute_result: getSolution.py, 139] car: 10096 shortest path: deque(['34', '28', '22', '21', '20', '14'])
[2019-03-28 16:58:09] INFO [compute_result: getSolution.py, 133] schedule car: 10107. Search node 5 to node 33
[2019-03-28 16:58:09] INFO [compute_result: getSolution.py, 139] car: 10107 shortest path: deque(['5', '4', '10', '16', '15', '21', '27', '26', '25', '31', '32', '33'])
[2019-03-28 16:58:09] INFO [compute_result: getSolution.py, 118] time slice: 4
[2019-03-28 16:58:09] INFO [compute_result: getSolution.py, 127] got scheduling car set length: 30
[2019-03-28 16:58:09] INFO [compute_result: getSolution.py, 133] schedule car: 10108. Search node 25 to node 7
[2019-03-28 16:58:09] INFO [compute_result: getSolution.py, 139] car: 10108 shortest path: deque(['25', '19', '13', '7'])
[2019-03-28 16:58:09] INFO [compute_result: getSolution.py, 133] schedule car: 10087. Search node 21 to node 1
[2019-03-28 16:58:09] INFO [compute_result: getSolution.py, 139] car: 10087 shortest path: deque(['21', '20', '14', '13', '7', '1'])
[2019-03-28 16:58:09] INFO [compute_result: getSolution.py, 133] schedule car: 10012. Search node 21 to node 2
[2019-03-28 16:58:09] INFO [compute_result: getSolution.py, 139] car: 10012 shortest path: deque(['21', '15', '9', '3', '2'])
[2019-03-28 16:58:09] INFO [compute_result: getSolution.py, 133] schedule car: 10098. Search node 12 to node 30
[2019-03-28 16:58:09] INFO [compute_result: getSolution.py, 139] car: 10098 shortest path: deque(['12', '18', '24', '30'])
[2019-03-28 16:58:09] INFO [compute_result: getSolution.py, 133] schedule car: 10077. Search node 3 to node 27
[2019-03-28 16:58:09] INFO [compute_result: getSolution.py, 139] car: 10077 shortest path: deque(['3', '9', '8', '7', '13', '19', '25', '31', '32', '33', '27'])
[2019-03-28 16:58:09] INFO [compute_result: getSolution.py, 133] schedule car: 10023. Search node 21 to node 2
[2019-03-28 16:58:09] INFO [compute_result: getSolution.py, 139] car: 10023 shortest path: deque(['21', '15', '9', '3', '2'])
[2019-03-28 16:58:09] INFO [compute_result: getSolution.py, 133] schedule car: 10099. Search node 36 to node 12
[2019-03-28 16:58:09] INFO [compute_result: getSolution.py, 139] car: 10099 shortest path: deque(['36', '30', '24', '18', '12'])
[2019-03-28 16:58:09] INFO [compute_result: getSolution.py, 133] schedule car: 10067. Search node 18 to node 36
[2019-03-28 16:58:09] INFO [compute_result: getSolution.py, 139] car: 10067 shortest path: deque(['18', '24', '30', '36'])
[2019-03-28 16:58:09] INFO [compute_result: getSolution.py, 133] schedule car: 10035. Search node 1 to node 19
[2019-03-28 16:58:09] INFO [compute_result: getSolution.py, 139] car: 10035 shortest path: deque(['1', '7', '13', '19'])
[2019-03-28 16:58:09] INFO [compute_result: getSolution.py, 133] schedule car: 10024. Search node 25 to node 5
[2019-03-28 16:58:09] INFO [compute_result: getSolution.py, 139] car: 10024 shortest path: deque(['25', '31', '32', '26', '27', '21', '15', '9', '3', '4', '5'])
[2019-03-28 16:58:09] INFO [compute_result: getSolution.py, 133] schedule car: 10057. Search node 31 to node 10
[2019-03-28 16:58:09] INFO [compute_result: getSolution.py, 139] car: 10057 shortest path: deque(['31', '32', '33', '27', '21', '15', '9', '3', '4', '5', '6', '12', '11', '10'])
[2019-03-28 16:58:09] INFO [compute_result: getSolution.py, 133] schedule car: 10110. Search node 11 to node 30
