nohup: 忽略输入
Start search argument...
Dead lock in: [15, 25, 26, 28, 33, 34, 35, 36, 37, 38, 39, 45, 46, 47, 55, 56, 57, 58, 62, 63, 64, 65, 66, 67, 68, 73, 74, 75, 76, 77, 78]
Dead lock in: [4, 6, 14, 15, 16, 18, 25, 26, 27, 28, 32, 33, 34, 35, 36, 37, 38, 39, 40, 44, 45, 46, 47, 55, 56, 57, 58, 62, 63, 64, 65, 66, 67, 68, 73, 74, 75, 76, 77, 78, 83, 85]
Dead lock in: [15, 25, 26, 28, 35, 36, 37, 38, 39, 45, 46, 47, 48, 52, 55, 56, 57, 58, 62, 63, 64, 65, 66, 67, 68, 73, 74, 75, 76, 77, 78, 83, 85]
Dead lock in: [23, 33, 34, 44, 45, 46, 54, 55, 64, 65]
Argument search progress: 6.172839506172839%
Dead lock in: [14, 24, 25, 32, 33, 34, 35, 36, 37, 38, 39, 43, 44, 45, 46, 47, 54, 55, 56, 57, 62, 63, 64, 65, 75]
Dead lock in: [23, 24, 33, 34, 43]
Dead lock in: [14, 23, 24, 25, 32, 33, 34, 35, 36, 37, 38, 43, 44, 45, 46, 54, 55, 56, 63, 64, 65, 75, 76, 77, 86]
Dead lock in: [23, 24, 33, 34]
Dead lock in: [44, 45, 54, 55, 63, 64, 65]
Argument search progress: 12.345679012345679%
Dead lock in: [14, 15, 25, 26, 28, 32, 33, 34, 35, 36, 37, 38, 39, 45, 46, 47, 55, 56, 57, 58, 62, 63, 64, 65, 66, 67, 68, 73, 74, 75, 76, 77, 78, 88]
Dead lock in: [15, 25, 26, 28, 33, 34, 35, 36, 37, 38, 45, 46, 47, 55, 56, 57, 58, 62, 63, 64, 65, 66, 67, 68, 73, 74, 75, 76, 77, 78, 83]
Dead lock in: [15, 25, 26, 28, 33, 34, 35, 36, 37, 38, 45, 46, 47, 55, 56, 57, 58, 62, 63, 64, 65, 66, 67, 68, 75, 76, 77, 78]
Dead lock in: [14, 15, 16, 24, 25, 26, 28, 32, 33, 34, 35, 36, 37, 38, 39, 40, 42, 43, 44, 45, 46, 47, 54, 55, 56, 57, 63, 64, 65, 66, 75, 76, 77, 86]
Dead lock in: [33, 34, 35, 36, 43, 44, 45, 46, 54, 55, 56, 63, 64, 65]
Argument search progress: 18.51851851851852%
Dead lock in: [14, 15, 16, 21, 22, 24, 25, 26, 28, 30, 32, 33, 34, 35, 36, 37, 38, 39, 40, 42, 43, 44, 45, 46, 47, 48, 53, 54, 55, 56, 57, 62, 63, 64, 65, 72, 73, 75, 76, 77, 86, 87, 97]
Dead lock in: [33, 34, 44, 45, 46, 54, 55, 64, 65]
Dead lock in: [23, 24, 30, 32, 33, 34, 35, 36, 37, 38, 39, 40, 43, 44, 45, 46, 47, 54, 55, 56, 57, 58, 63, 64, 65, 66, 68, 75, 76, 77, 78]
Dead lock in: [12, 13, 14, 15, 16, 22, 24, 25, 26, 28, 29, 30, 31, 32, 33, 34, 35, 36, 37, 38, 39, 40, 42, 43, 44, 45, 46, 47, 48, 49, 50, 53, 54, 55, 56, 57, 62, 63, 64, 65, 66, 67, 72, 73, 75, 76, 77, 85, 86, 87, 93, 94, 95]
Dead lock in: [15, 25, 26, 28, 33, 34, 35, 36, 37, 38, 39, 44, 45, 47, 54, 55, 56, 57, 58, 62, 63, 64, 65, 66, 67, 68, 73, 75, 76, 77, 78, 88]
Argument search progress: 24.691358024691358%
Dead lock in: [15, 25, 26, 28, 34, 35, 36, 37, 38, 45, 46, 47, 55, 56, 57, 58, 62, 63, 64, 65, 66, 67, 68, 73, 74, 75, 76, 77, 78, 83, 88]
Dead lock in: [15, 25, 26, 28, 34, 35, 36, 37, 38, 39, 45, 46, 47, 55, 56, 57, 58, 63, 64, 65, 68, 69, 73, 74, 75, 76, 77, 78]
Dead lock in: [26, 34, 35, 36, 37, 38, 44, 45, 46, 47, 54, 55, 63, 64, 65, 74]
Dead lock in: [13, 14, 15, 16, 22, 24, 25, 26, 28, 30, 32, 33, 34, 35, 36, 37, 38, 39, 40, 42, 43, 44, 45, 46, 47, 48, 53, 54, 55, 56, 57, 58, 62, 63, 64, 65, 66, 67, 68, 72, 73, 74, 75, 76, 77, 78, 85, 86, 87, 94, 95, 97]
Dead lock in: [13, 14, 15, 22, 24, 25, 26, 28, 32, 33, 34, 35, 36, 37, 38, 39, 42, 43, 44, 45, 46, 47, 48, 54, 55, 56, 57, 58, 62, 63, 64, 65, 66, 68, 72, 73, 75, 76, 77, 78, 83, 86, 87]
Argument search progress: 30.864197530864196%
Dead lock in: [35, 44, 45, 46, 54, 55, 56, 63, 64, 65]
Dead lock in: [24, 32, 33, 34, 35, 36, 37, 38, 39, 40, 43, 44, 45, 46, 47, 54, 55, 56, 57, 58, 63, 64, 65, 68, 75, 76, 77, 78, 86]
Dead lock in: [14, 16, 24, 25, 26, 28, 30, 32, 33, 34, 35, 36, 37, 38, 39, 40, 42, 43, 44, 45, 46, 47, 53, 54, 55, 56, 57, 58, 62, 63, 64, 65, 66, 68, 72, 73, 74, 75, 76, 77, 78, 85, 86, 87, 93, 94, 95]
Argument search progress: 37.03703703703704%
Argument search progress: 43.20987654320987%
Argument search progress: 49.382716049382715%
Argument search progress: 55.55555555555556%
Argument search progress: 61.72839506172839%
Argument search progress: 67.90123456790124%
Argument search progress: 74.07407407407408%
Argument search progress: 80.24691358024691%
Argument search progress: 86.41975308641975%
Argument search progress: 92.5925925925926%
Argument search progress: 98.76543209876543%
